d:\cpp\csc317\computer-graphics-assign1\x64\debug\vc143.pdb
d:\cpp\csc317\computer-graphics-assign1\x64\debug\vc143.idb
d:\cpp\csc317\computer-graphics-assign1\x64\debug\write_ppm.obj
d:\cpp\csc317\computer-graphics-assign1\x64\debug\simulate_bayer_mosaic.obj
d:\cpp\csc317\computer-graphics-assign1\x64\debug\rotate.obj
d:\cpp\csc317\computer-graphics-assign1\x64\debug\rgb_to_hsv.obj
d:\cpp\csc317\computer-graphics-assign1\x64\debug\rgb_to_gray.obj
d:\cpp\csc317\computer-graphics-assign1\x64\debug\rgba_to_rgb.obj
d:\cpp\csc317\computer-graphics-assign1\x64\debug\reflect.obj
d:\cpp\csc317\computer-graphics-assign1\x64\debug\over.obj
d:\cpp\csc317\computer-graphics-assign1\x64\debug\hue_shift.obj
d:\cpp\csc317\computer-graphics-assign1\x64\debug\hsv_to_rgb.obj
d:\cpp\csc317\computer-graphics-assign1\x64\debug\desaturate.obj
d:\cpp\csc317\computer-graphics-assign1\x64\debug\demosaic.obj
d:\cpp\csc317\computer-graphics-assign1\x64\debug\computer-graphics-assign1.obj
d:\cpp\csc317\computer-graphics-assign1\x64\debug\rgba_to_rgb.obj.enc
d:\cpp\csc317\computer-graphics-assign1\x64\debug\computer-graphics-assign1.ilk
d:\cpp\csc317\x64\debug\computer-graphics-assign1.pdb
d:\cpp\csc317\x64\debug\computer-graphics-assign1.exe
d:\cpp\csc317\computer-graphics-assign1\x64\debug\computer.91e74ad0.tlog\cl.command.1.tlog
d:\cpp\csc317\computer-graphics-assign1\x64\debug\computer.91e74ad0.tlog\cl.items.tlog
d:\cpp\csc317\computer-graphics-assign1\x64\debug\computer.91e74ad0.tlog\cl.read.1.tlog
d:\cpp\csc317\computer-graphics-assign1\x64\debug\computer.91e74ad0.tlog\cl.write.1.tlog
d:\cpp\csc317\computer-graphics-assign1\x64\debug\computer.91e74ad0.tlog\link.command.1.tlog
d:\cpp\csc317\computer-graphics-assign1\x64\debug\computer.91e74ad0.tlog\link.read.1.tlog
d:\cpp\csc317\computer-graphics-assign1\x64\debug\computer.91e74ad0.tlog\link.write.1.tlog
